<?xml version="1.0" encoding="UTF-8"?>
<coverage generated="1762440747817" clover="3.2.0">
  <project timestamp="1762440747817" name="All files">
    <metrics statements="14" coveredstatements="12" conditionals="18" coveredconditionals="12" methods="8" coveredmethods="6" elements="40" coveredelements="30" complexity="0" loc="14" ncloc="14" packages="5" files="5" classes="5"/>
    <package name="lib">
      <metrics statements="0" coveredstatements="0" conditionals="0" coveredconditionals="0" methods="0" coveredmethods="0"/>
      <file name="tailwind.css" path="/home/juliuspolar/thelema/scratchpad/lib/tailwind.css">
        <metrics statements="0" coveredstatements="0" conditionals="0" coveredconditionals="0" methods="0" coveredmethods="0"/>
      </file>
    </package>
    <package name="lib.assets.style">
      <metrics statements="0" coveredstatements="0" conditionals="0" coveredconditionals="0" methods="0" coveredmethods="0"/>
      <file name="styles.css" path="/home/juliuspolar/thelema/scratchpad/lib/assets/style/styles.css">
        <metrics statements="0" coveredstatements="0" conditionals="0" coveredconditionals="0" methods="0" coveredmethods="0"/>
      </file>
    </package>
    <package name="lib.input-button">
      <metrics statements="6" coveredstatements="5" conditionals="0" coveredconditionals="0" methods="4" coveredmethods="3"/>
      <file name="input-button.tsx" path="/home/juliuspolar/thelema/scratchpad/lib/input-button/input-button.tsx">
        <metrics statements="6" coveredstatements="5" conditionals="0" coveredconditionals="0" methods="4" coveredmethods="3"/>
        <line num="23" count="4" type="stmt"/>
        <line num="25" count="4" type="stmt"/>
        <line num="27" count="1" type="stmt"/>
        <line num="44" count="1" type="stmt"/>
        <line num="45" count="0" type="stmt"/>
        <line num="64" count="1" type="stmt"/>
      </file>
    </package>
    <package name="lib.input-field">
      <metrics statements="5" coveredstatements="4" conditionals="14" coveredconditionals="10" methods="3" coveredmethods="2"/>
      <file name="input-field.tsx" path="/home/juliuspolar/thelema/scratchpad/lib/input-field/input-field.tsx">
        <metrics statements="5" coveredstatements="4" conditionals="14" coveredconditionals="10" methods="3" coveredmethods="2"/>
        <line num="18" count="4" type="stmt"/>
        <line num="20" count="4" type="stmt"/>
        <line num="21" count="1" type="stmt"/>
        <line num="41" count="1" type="stmt"/>
        <line num="42" count="0" type="stmt"/>
      </file>
    </package>
    <package name="lib.input-label">
      <metrics statements="3" coveredstatements="3" conditionals="4" coveredconditionals="2" methods="1" coveredmethods="1"/>
      <file name="input-label.tsx" path="/home/juliuspolar/thelema/scratchpad/lib/input-label/input-label.tsx">
        <metrics statements="3" coveredstatements="3" conditionals="4" coveredconditionals="2" methods="1" coveredmethods="1"/>
        <line num="6" count="4" type="stmt"/>
        <line num="8" count="4" type="stmt"/>
        <line num="10" count="1" type="stmt"/>
      </file>
    </package>
  </project>
</coverage>
