{"/home/juliuspolar/thelema/scratchpad/lib/tailwind.css": {"path":"/home/juliuspolar/thelema/scratchpad/lib/tailwind.css","statementMap":{},"fnMap":{},"branchMap":{},"s":{},"f":{},"b":{},"meta":{"lastBranch":0,"lastFunction":0,"lastStatement":0,"seen":{}}}
,"/home/juliuspolar/thelema/scratchpad/lib/assets/style/styles.css": {"path":"/home/juliuspolar/thelema/scratchpad/lib/assets/style/styles.css","statementMap":{},"fnMap":{},"branchMap":{},"s":{},"f":{},"b":{},"meta":{"lastBranch":0,"lastFunction":0,"lastStatement":0,"seen":{}}}
,"/home/juliuspolar/thelema/scratchpad/lib/input-button/input-button.tsx": {"path":"/home/juliuspolar/thelema/scratchpad/lib/input-button/input-button.tsx","statementMap":{"0":{"start":{"line":27,"column":6},"end":{"line":27,"column":7}},"1":{"start":{"line":23,"column":6},"end":{"line":23,"column":null}},"2":{"start":{"line":25,"column":2},"end":{"line":69,"column":null}},"3":{"start":{"line":44,"column":33},"end":{"line":44,"column":null}},"4":{"start":{"line":45,"column":34},"end":{"line":45,"column":null}},"5":{"start":{"line":64,"column":25},"end":{"line":64,"column":null}}},"fnMap":{"0":{"name":"InputButton","decl":{"start":{"line":6,"column":16},"end":{"line":6,"column":28}},"loc":{"start":{"line":6,"column":53},"end":{"line":71,"column":null}},"line":6},"1":{"name":"(anonymous_1)","decl":{"start":{"line":44,"column":22},"end":{"line":44,"column":23}},"loc":{"start":{"line":44,"column":33},"end":{"line":44,"column":null}},"line":44},"2":{"name":"(anonymous_2)","decl":{"start":{"line":45,"column":23},"end":{"line":45,"column":24}},"loc":{"start":{"line":45,"column":34},"end":{"line":45,"column":null}},"line":45},"3":{"name":"(anonymous_3)","decl":{"start":{"line":64,"column":19},"end":{"line":64,"column":25}},"loc":{"start":{"line":64,"column":25},"end":{"line":64,"column":null}},"line":64}},"branchMap":{},"s":{"0":1,"1":4,"2":4,"3":1,"4":0,"5":1},"f":{"0":4,"1":1,"2":0,"3":1},"b":{},"meta":{"lastBranch":0,"lastFunction":4,"lastStatement":6,"seen":{"s:27:6:27:7":0,"f:6:16:6:28":0,"s:23:6:23:Infinity":1,"s:25:2:69:Infinity":2,"f:44:22:44:23":1,"s:44:33:44:Infinity":3,"f:45:23:45:24":2,"s:45:34:45:Infinity":4,"f:64:19:64:25":3,"s:64:25:64:Infinity":5}}}
,"/home/juliuspolar/thelema/scratchpad/lib/input-field/input-field.tsx": {"path":"/home/juliuspolar/thelema/scratchpad/lib/input-field/input-field.tsx","statementMap":{"0":{"start":{"line":21,"column":4},"end":{"line":21,"column":5}},"1":{"start":{"line":18,"column":6},"end":{"line":18,"column":null}},"2":{"start":{"line":20,"column":2},"end":{"line":46,"column":null}},"3":{"start":{"line":41,"column":27},"end":{"line":41,"column":null}},"4":{"start":{"line":42,"column":28},"end":{"line":42,"column":null}}},"fnMap":{"0":{"name":"InputField","decl":{"start":{"line":5,"column":16},"end":{"line":5,"column":27}},"loc":{"start":{"line":5,"column":51},"end":{"line":48,"column":null}},"line":5},"1":{"name":"(anonymous_1)","decl":{"start":{"line":41,"column":16},"end":{"line":41,"column":17}},"loc":{"start":{"line":41,"column":27},"end":{"line":41,"column":null}},"line":41},"2":{"name":"(anonymous_2)","decl":{"start":{"line":42,"column":17},"end":{"line":42,"column":18}},"loc":{"start":{"line":42,"column":28},"end":{"line":42,"column":null}},"line":42}},"branchMap":{"0":{"loc":{"start":{"line":23,"column":8},"end":{"line":25,"column":null}},"type":"cond-expr","locations":[{"start":{"line":24,"column":12},"end":{"line":24,"column":null}},{"start":{"line":25,"column":12},"end":{"line":25,"column":null}}],"line":23},"1":{"loc":{"start":{"line":32,"column":8},"end":{"line":32,"column":null}},"type":"cond-expr","locations":[{"start":{"line":32,"column":32},"end":{"line":32,"column":49}},{"start":{"line":32,"column":49},"end":{"line":32,"column":null}}],"line":32},"2":{"loc":{"start":{"line":37,"column":11},"end":{"line":37,"column":null}},"type":"cond-expr","locations":[{"start":{"line":37,"column":51},"end":{"line":37,"column":57}},{"start":{"line":37,"column":57},"end":{"line":37,"column":null}}],"line":37},"3":{"loc":{"start":{"line":37,"column":11},"end":{"line":37,"column":51}},"type":"binary-expr","locations":[{"start":{"line":37,"column":11},"end":{"line":37,"column":32}},{"start":{"line":37,"column":32},"end":{"line":37,"column":51}}],"line":37},"4":{"loc":{"start":{"line":38,"column":17},"end":{"line":38,"column":null}},"type":"binary-expr","locations":[{"start":{"line":38,"column":17},"end":{"line":38,"column":30}},{"start":{"line":38,"column":30},"end":{"line":38,"column":null}}],"line":38},"5":{"loc":{"start":{"line":39,"column":11},"end":{"line":39,"column":null}},"type":"cond-expr","locations":[{"start":{"line":39,"column":51},"end":{"line":39,"column":57}},{"start":{"line":39,"column":57},"end":{"line":39,"column":null}}],"line":39},"6":{"loc":{"start":{"line":39,"column":11},"end":{"line":39,"column":51}},"type":"binary-expr","locations":[{"start":{"line":39,"column":11},"end":{"line":39,"column":32}},{"start":{"line":39,"column":32},"end":{"line":39,"column":51}}],"line":39}},"s":{"0":1,"1":4,"2":4,"3":1,"4":0},"f":{"0":4,"1":1,"2":0},"b":{"0":[0,4],"1":[4,0],"2":[0,4],"3":[4,4],"4":[4,4],"5":[0,4],"6":[4,4]},"meta":{"lastBranch":7,"lastFunction":3,"lastStatement":5,"seen":{"s:21:4:21:5":0,"f:5:16:5:27":0,"s:18:6:18:Infinity":1,"s:20:2:46:Infinity":2,"b:24:12:24:Infinity:25:12:25:Infinity":0,"b:32:32:32:49:32:49:32:Infinity":1,"b:37:51:37:57:37:57:37:Infinity":2,"b:37:11:37:32:37:32:37:51":3,"b:38:17:38:30:38:30:38:Infinity":4,"b:39:51:39:57:39:57:39:Infinity":5,"b:39:11:39:32:39:32:39:51":6,"f:41:16:41:17":1,"s:41:27:41:Infinity":3,"f:42:17:42:18":2,"s:42:28:42:Infinity":4}}}
,"/home/juliuspolar/thelema/scratchpad/lib/input-label/input-label.tsx": {"path":"/home/juliuspolar/thelema/scratchpad/lib/input-label/input-label.tsx","statementMap":{"0":{"start":{"line":10,"column":6},"end":{"line":10,"column":7}},"1":{"start":{"line":6,"column":42},"end":{"line":6,"column":null}},"2":{"start":{"line":8,"column":2},"end":{"line":20,"column":null}}},"fnMap":{"0":{"name":"InputLabel","decl":{"start":{"line":5,"column":16},"end":{"line":5,"column":27}},"loc":{"start":{"line":5,"column":51},"end":{"line":22,"column":null}},"line":5}},"branchMap":{"0":{"loc":{"start":{"line":14,"column":10},"end":{"line":14,"column":null}},"type":"binary-expr","locations":[{"start":{"line":14,"column":10},"end":{"line":14,"column":23}},{"start":{"line":14,"column":23},"end":{"line":14,"column":null}}],"line":14},"1":{"loc":{"start":{"line":19,"column":7},"end":{"line":19,"column":null}},"type":"binary-expr","locations":[{"start":{"line":19,"column":7},"end":{"line":19,"column":16}},{"start":{"line":19,"column":16},"end":{"line":19,"column":null}}],"line":19}},"s":{"0":1,"1":4,"2":4},"f":{"0":4},"b":{"0":[4,0],"1":[4,0]},"meta":{"lastBranch":2,"lastFunction":1,"lastStatement":3,"seen":{"s:10:6:10:7":0,"f:5:16:5:27":0,"s:6:42:6:Infinity":1,"s:8:2:20:Infinity":2,"b:14:10:14:23:14:23:14:Infinity":0,"b:19:7:19:16:19:16:19:Infinity":1}}}
}
